Loading XAU data…
Scanning bars 849,994 to 999,994 (150,000 bars)
  01_absorption: scanning...
......... done in 0.3s  n= 1137  WR=18.6%  PF=0.69  EV=-0.51R  long=632/18%  short=505/20%
  02_iceberg_trap: scanning...
......... done in 0.5s  0 signals, skipping
  03_delta_divergence: scanning...
......... done in 0.7s  n= 5108  WR=20.0%  PF=0.75  EV=-0.40R  long=2516/21%  short=2592/19%
  04_liquidity_sweep: scanning...
......... done in 0.6s  n= 5793  WR=17.5%  PF=0.64  EV=-0.60R  long=2762/17%  short=3031/18%
  05_fvg_fill: scanning...
......... done in 1.3s  n= 1823  WR=18.7%  PF=0.69  EV=-0.50R  long=1007/20%  short=816/17%
  06_order_block: scanning...
......... done in 1.3s  n=   17  WR=35.3%  PF=1.64  EV=+0.82R  long=11/36%  short=6/33%
  07_return_z_tail: scanning...
......... done in 0.3s  n= 4112  WR=15.2%  PF=0.54  EV=-0.78R  long=2047/15%  short=2065/16%
  08_vov_compression: scanning...
......... done in 0.5s  n= 2531  WR=22.3%  PF=0.86  EV=-0.21R  long=1204/23%  short=1327/21%
  09_autocorr_flip: scanning...
......... done in 0.3s  n=  270  WR=14.8%  PF=0.52  EV=-0.81R  long=127/15%  short=143/15%
  10_asian_break: scanning...
......... done in 0.1s  n=  550  WR=23.3%  PF=0.91  EV=-0.14R  long=339/22%  short=211/26%
  12_friday_close_fade: scanning...
......... done in 0.1s  n=  697  WR=12.2%  PF=0.42  EV=-1.02R  long=93/0%  short=604/14%
  13_m5_h1_divergence: scanning...
......... done in 0.8s  n= 4538  WR=18.8%  PF=0.69  EV=-0.50R  long=2088/20%  short=2450/18%
  14_h4_gated_breakout: scanning...
......... done in 0.8s  n= 5111  WR=22.4%  PF=0.87  EV=-0.21R  long=3268/22%  short=1843/23%

Saved: /home/jay/Desktop/new-model-zigzag/experiments/innovative_rules/phase1_results_xau.csv
Saved: /home/jay/Desktop/new-model-zigzag/experiments/innovative_rules/phase1_results_xau.png

============================================================
Top survivors (PF >= 1.10):
  06_order_block            PF=1.64  WR=35.3%  n=17
